<?xml version="1.0" encoding="UTF-8"?>
<!-- Generated by org.testng.reporters.JUnitReportReporter -->
<testsuite skipped="0" hostname="DESKTOP-V3R7F1F" name="com.crm.qa.testcases.LoginPageTest" tests="3" failures="0" timestamp="17 Jun 2024 06:10:32 GMT" time="64.361" errors="0">
  <testcase name="crmTitleTest" time="5.444" classname="com.crm.qa.testcases.LoginPageTest"/>
  <testcase name="crmLogoTest" time="23.654" classname="com.crm.qa.testcases.LoginPageTest"/>
  <testcase name="validateLoginSuccessful" time="35.263" classname="com.crm.qa.testcases.LoginPageTest"/>
</testsuite> <!-- com.crm.qa.testcases.LoginPageTest -->
