<?xml version="1.0" encoding="UTF-8"?>
<!-- Generated by org.testng.reporters.JUnitReportReporter -->
<testsuite skipped="0" hostname="DESKTOP-V3R7F1F" name="com.crm.qa.testcases.HomePageTest" tests="4" failures="0" timestamp="17 Jun 2024 06:10:32 GMT" time="139.114" errors="0">
  <testcase name="validateHomePageTitleTest" time="35.456" classname="com.crm.qa.testcases.HomePageTest"/>
  <testcase name="validateUserNamePresent" time="32.339" classname="com.crm.qa.testcases.HomePageTest"/>
  <testcase name="validateContacts" time="35.120" classname="com.crm.qa.testcases.HomePageTest"/>
  <testcase name="validateDeals" time="36.199" classname="com.crm.qa.testcases.HomePageTest"/>
</testsuite> <!-- com.crm.qa.testcases.HomePageTest -->
