<?xml version="1.0" encoding="UTF-8"?>
<!-- Generated by org.testng.reporters.JUnitReportReporter -->
<testsuite skipped="0" hostname="DESKTOP-V3R7F1F" name="com.crm.qa.testcases.ContactsPageTest" tests="1" failures="0" timestamp="17 Jun 2024 07:25:46 GMT" time="54.535" errors="0">
  <testcase name="validateNewContact" time="54.535" classname="com.crm.qa.testcases.ContactsPageTest"/>
</testsuite> <!-- com.crm.qa.testcases.ContactsPageTest -->
